This file contains any messages produced by compilers while
running configure, to aid debugging if configure makes a mistake.

It was created by configure, which was
generated by GNU Autoconf 2.59.  Invocation command line was

  $ ./configure --prefix=/usr/local --cache-file=/dev/null --srcdir=.

## --------- ##
## Platform. ##
## --------- ##

hostname = sliderule
uname -m = i686
uname -r = 2.6.32-358.el6.i686
uname -s = Linux
uname -v = #1 SMP Thu Feb 21 21:50:49 UTC 2013

/usr/bin/uname -p = unknown
/bin/uname -X     = unknown

/bin/arch              = i686
/usr/bin/arch -k       = unknown
/usr/convex/getsysinfo = unknown
hostinfo               = unknown
/bin/machine           = unknown
/usr/bin/oslevel       = unknown
/bin/universe          = unknown

PATH: /home/lmatheson/binl
PATH: /usr/lib/qt-3.3/bin
PATH: /usr/local/bin
PATH: /usr/bin
PATH: /bin
PATH: /usr/local/sbin
PATH: /usr/sbin
PATH: /sbin
PATH: /home/lmatheson/bin


## ----------- ##
## Core tests. ##
## ----------- ##

configure:1333: checking for gcc
configure:1349: found /usr/bin/gcc
configure:1359: result: gcc
configure:1603: checking for C compiler version
configure:1606: gcc --version </dev/null >&5
gcc (GCC) 4.4.7 20120313 (Red Hat 4.4.7-3)
Copyright (C) 2010 Free Software Foundation, Inc.
This is free software; see the source for copying conditions.  There is NO
warranty; not even for MERCHANTABILITY or FITNESS FOR A PARTICULAR PURPOSE.

configure:1609: $? = 0
configure:1611: gcc -v </dev/null >&5
Using built-in specs.
Target: i686-redhat-linux
Configured with: ../configure --prefix=/usr --mandir=/usr/share/man --infodir=/usr/share/info --with-bugurl=http://bugzilla.redhat.com/bugzilla --enable-bootstrap --enable-shared --enable-threads=posix --enable-checking=release --with-system-zlib --enable-__cxa_atexit --disable-libunwind-exceptions --enable-gnu-unique-object --enable-languages=c,c++,objc,obj-c++,java,fortran,ada --enable-java-awt=gtk --disable-dssi --with-java-home=/usr/lib/jvm/java-1.5.0-gcj-1.5.0.0/jre --enable-libgcj-multifile --enable-java-maintainer-mode --with-ecj-jar=/usr/share/java/eclipse-ecj.jar --disable-libjava-multilib --with-ppl --with-cloog --with-tune=generic --with-arch=i686 --build=i686-redhat-linux
Thread model: posix
gcc version 4.4.7 20120313 (Red Hat 4.4.7-3) (GCC) 
configure:1614: $? = 0
configure:1616: gcc -V </dev/null >&5
gcc: '-V' option must have argument
configure:1619: $? = 1
configure:1642: checking for C compiler default output file name
configure:1645: gcc    conftest.c  >&5
configure:1648: $? = 0
configure:1694: result: a.out
configure:1699: checking whether the C compiler works
configure:1705: ./a.out
configure:1708: $? = 0
configure:1725: result: yes
configure:1732: checking whether we are cross compiling
configure:1734: result: no
configure:1737: checking for suffix of executables
configure:1739: gcc -o conftest    conftest.c  >&5
configure:1742: $? = 0
configure:1767: result: 
configure:1773: checking for suffix of object files
configure:1794: gcc -c   conftest.c >&5
configure:1797: $? = 0
configure:1819: result: o
configure:1823: checking whether we are using the GNU C compiler
configure:1847: gcc -c   conftest.c >&5
configure:1853: $? = 0
configure:1857: test -z 
			 || test ! -s conftest.err
configure:1860: $? = 0
configure:1863: test -s conftest.o
configure:1866: $? = 0
configure:1879: result: yes
configure:1885: checking whether gcc accepts -g
configure:1906: gcc -c -g  conftest.c >&5
configure:1912: $? = 0
configure:1916: test -z 
			 || test ! -s conftest.err
configure:1919: $? = 0
configure:1922: test -s conftest.o
configure:1925: $? = 0
configure:1936: result: yes
configure:1953: checking for gcc option to accept ANSI C
configure:2023: gcc  -c -g -O2  conftest.c >&5
configure:2029: $? = 0
configure:2033: test -z 
			 || test ! -s conftest.err
configure:2036: $? = 0
configure:2039: test -s conftest.o
configure:2042: $? = 0
configure:2060: result: none needed
configure:2078: gcc -c -g -O2  conftest.c >&5
conftest.c:2: error: expected '=', ',', ';', 'asm' or '__attribute__' before 'me'
configure:2084: $? = 1
configure: failed program was:
| #ifndef __cplusplus
|   choke me
| #endif
configure:2222: checking how to run the C preprocessor
configure:2257: gcc -E  conftest.c
configure:2263: $? = 0
configure:2295: gcc -E  conftest.c
conftest.c:9:28: error: ac_nonexistent.h: No such file or directory
configure:2301: $? = 1
configure: failed program was:
| /* confdefs.h.  */
| 
| #define PACKAGE_NAME ""
| #define PACKAGE_TARNAME ""
| #define PACKAGE_VERSION ""
| #define PACKAGE_STRING ""
| #define PACKAGE_BUGREPORT ""
| /* end confdefs.h.  */
| #include <ac_nonexistent.h>
configure:2340: result: gcc -E
configure:2364: gcc -E  conftest.c
configure:2370: $? = 0
configure:2402: gcc -E  conftest.c
conftest.c:9:28: error: ac_nonexistent.h: No such file or directory
configure:2408: $? = 1
configure: failed program was:
| /* confdefs.h.  */
| 
| #define PACKAGE_NAME ""
| #define PACKAGE_TARNAME ""
| #define PACKAGE_VERSION ""
| #define PACKAGE_STRING ""
| #define PACKAGE_BUGREPORT ""
| /* end confdefs.h.  */
| #include <ac_nonexistent.h>
configure:2489: checking for a BSD-compatible install
configure:2544: result: /usr/bin/install -c
configure:2557: checking for egrep
configure:2567: result: grep -E
configure:2572: checking for ANSI C header files
configure:2597: gcc -c -g -O2  conftest.c >&5
configure:2603: $? = 0
configure:2607: test -z 
			 || test ! -s conftest.err
configure:2610: $? = 0
configure:2613: test -s conftest.o
configure:2616: $? = 0
configure:2705: gcc -o conftest -g -O2   conftest.c  >&5
conftest.c: In function 'main':
conftest.c:26: warning: incompatible implicit declaration of built-in function 'exit'
configure:2708: $? = 0
configure:2710: ./conftest
configure:2713: $? = 0
configure:2728: result: yes
configure:2752: checking for sys/types.h
configure:2768: gcc -c -g -O2  conftest.c >&5
configure:2774: $? = 0
configure:2778: test -z 
			 || test ! -s conftest.err
configure:2781: $? = 0
configure:2784: test -s conftest.o
configure:2787: $? = 0
configure:2798: result: yes
configure:2752: checking for sys/stat.h
configure:2768: gcc -c -g -O2  conftest.c >&5
configure:2774: $? = 0
configure:2778: test -z 
			 || test ! -s conftest.err
configure:2781: $? = 0
configure:2784: test -s conftest.o
configure:2787: $? = 0
configure:2798: result: yes
configure:2752: checking for stdlib.h
configure:2768: gcc -c -g -O2  conftest.c >&5
configure:2774: $? = 0
configure:2778: test -z 
			 || test ! -s conftest.err
configure:2781: $? = 0
configure:2784: test -s conftest.o
configure:2787: $? = 0
configure:2798: result: yes
configure:2752: checking for string.h
configure:2768: gcc -c -g -O2  conftest.c >&5
configure:2774: $? = 0
configure:2778: test -z 
			 || test ! -s conftest.err
configure:2781: $? = 0
configure:2784: test -s conftest.o
configure:2787: $? = 0
configure:2798: result: yes
configure:2752: checking for memory.h
configure:2768: gcc -c -g -O2  conftest.c >&5
configure:2774: $? = 0
configure:2778: test -z 
			 || test ! -s conftest.err
configure:2781: $? = 0
configure:2784: test -s conftest.o
configure:2787: $? = 0
configure:2798: result: yes
configure:2752: checking for strings.h
configure:2768: gcc -c -g -O2  conftest.c >&5
configure:2774: $? = 0
configure:2778: test -z 
			 || test ! -s conftest.err
configure:2781: $? = 0
configure:2784: test -s conftest.o
configure:2787: $? = 0
configure:2798: result: yes
configure:2752: checking for inttypes.h
configure:2768: gcc -c -g -O2  conftest.c >&5
configure:2774: $? = 0
configure:2778: test -z 
			 || test ! -s conftest.err
configure:2781: $? = 0
configure:2784: test -s conftest.o
configure:2787: $? = 0
configure:2798: result: yes
configure:2752: checking for stdint.h
configure:2768: gcc -c -g -O2  conftest.c >&5
configure:2774: $? = 0
configure:2778: test -z 
			 || test ! -s conftest.err
configure:2781: $? = 0
configure:2784: test -s conftest.o
configure:2787: $? = 0
configure:2798: result: yes
configure:2752: checking for unistd.h
configure:2768: gcc -c -g -O2  conftest.c >&5
configure:2774: $? = 0
configure:2778: test -z 
			 || test ! -s conftest.err
configure:2781: $? = 0
configure:2784: test -s conftest.o
configure:2787: $? = 0
configure:2798: result: yes
configure:2815: checking for string.h
configure:2820: result: yes
configure:2965: checking for unistd.h
configure:2970: result: yes
configure:3110: checking for ANSI C header files
configure:3266: result: yes
configure:3403: creating ./config.status

## ---------------------- ##
## Running config.status. ##
## ---------------------- ##

This file was extended by config.status, which was
generated by GNU Autoconf 2.59.  Invocation command line was

  CONFIG_FILES    = 
  CONFIG_HEADERS  = 
  CONFIG_LINKS    = 
  CONFIG_COMMANDS = 
  $ ./config.status 

on sliderule

config.status:642: creating Makefile

## ---------------- ##
## Cache variables. ##
## ---------------- ##

ac_cv_c_compiler_gnu=yes
ac_cv_env_CC_set=
ac_cv_env_CC_value=
ac_cv_env_CFLAGS_set=
ac_cv_env_CFLAGS_value=
ac_cv_env_CPPFLAGS_set=
ac_cv_env_CPPFLAGS_value=
ac_cv_env_CPP_set=
ac_cv_env_CPP_value=
ac_cv_env_LDFLAGS_set=
ac_cv_env_LDFLAGS_value=
ac_cv_env_build_alias_set=
ac_cv_env_build_alias_value=
ac_cv_env_host_alias_set=
ac_cv_env_host_alias_value=
ac_cv_env_target_alias_set=
ac_cv_env_target_alias_value=
ac_cv_exeext=
ac_cv_header_inttypes_h=yes
ac_cv_header_memory_h=yes
ac_cv_header_stdc=yes
ac_cv_header_stdint_h=yes
ac_cv_header_stdlib_h=yes
ac_cv_header_string_h=yes
ac_cv_header_strings_h=yes
ac_cv_header_sys_stat_h=yes
ac_cv_header_sys_types_h=yes
ac_cv_header_unistd_h=yes
ac_cv_objext=o
ac_cv_path_install='/usr/bin/install -c'
ac_cv_prog_CPP='gcc -E'
ac_cv_prog_ac_ct_CC=gcc
ac_cv_prog_cc_g=yes
ac_cv_prog_cc_stdc=
ac_cv_prog_egrep='grep -E'

## ----------------- ##
## Output variables. ##
## ----------------- ##

CC='gcc'
CFLAGS='-g -O2'
CPP='gcc -E'
CPPFLAGS=''
DEFS='-DPACKAGE_NAME=\"\" -DPACKAGE_TARNAME=\"\" -DPACKAGE_VERSION=\"\" -DPACKAGE_STRING=\"\" -DPACKAGE_BUGREPORT=\"\" -DSTDC_HEADERS=1 -DHAVE_SYS_TYPES_H=1 -DHAVE_SYS_STAT_H=1 -DHAVE_STDLIB_H=1 -DHAVE_STRING_H=1 -DHAVE_MEMORY_H=1 -DHAVE_STRINGS_H=1 -DHAVE_INTTYPES_H=1 -DHAVE_STDINT_H=1 -DHAVE_UNISTD_H=1 -DHAVE_STRING_H=1 -DHAVE_UNISTD_H=1 -DSTDC_HEADERS=1 '
ECHO_C=''
ECHO_N='-n'
ECHO_T=''
EGREP='grep -E'
EXEEXT=''
INSTALL_DATA='${INSTALL} -m 644'
INSTALL_PROGRAM='${INSTALL}'
INSTALL_SCRIPT='${INSTALL}'
LDFLAGS=''
LIBOBJS=''
LIBS=''
LTLIBOBJS=''
OBJEXT='o'
PACKAGE_BUGREPORT=''
PACKAGE_NAME=''
PACKAGE_STRING=''
PACKAGE_TARNAME=''
PACKAGE_VERSION=''
PATH_SEPARATOR=':'
PROGS=''
SHELL='/bin/sh'
ac_ct_CC='gcc'
bindir='${exec_prefix}/bin'
build_alias=''
datadir='${prefix}/share'
exec_prefix='${prefix}'
host_alias=''
includedir='${prefix}/include'
infodir='${prefix}/info'
libdir='${exec_prefix}/lib'
libexecdir='${exec_prefix}/libexec'
localstatedir='${prefix}/var'
mandir='${prefix}/man'
oldincludedir='/usr/include'
prefix='/usr/local'
program_transform_name='s,x,x,'
sbindir='${exec_prefix}/sbin'
sharedstatedir='${prefix}/com'
sysconfdir='${prefix}/etc'
target_alias=''

## ----------- ##
## confdefs.h. ##
## ----------- ##

#define HAVE_INTTYPES_H 1
#define HAVE_MEMORY_H 1
#define HAVE_STDINT_H 1
#define HAVE_STDLIB_H 1
#define HAVE_STRINGS_H 1
#define HAVE_STRING_H 1
#define HAVE_STRING_H 1
#define HAVE_SYS_STAT_H 1
#define HAVE_SYS_TYPES_H 1
#define HAVE_UNISTD_H 1
#define HAVE_UNISTD_H 1
#define PACKAGE_BUGREPORT ""
#define PACKAGE_NAME ""
#define PACKAGE_STRING ""
#define PACKAGE_TARNAME ""
#define PACKAGE_VERSION ""
#define STDC_HEADERS 1
#define STDC_HEADERS 1

configure: exit 0
